# JRE version: Java(TM) SE Runtime Environment (7.0_79-b15) (build 1.7.0_79-b15)
# Java VM: Java HotSpot(TM) 64-Bit Server VM (24.79-b02 mixed mode linux-amd64 compressed oops)
Heap
 PSYoungGen      total 151040K, used 0K [0x00000000f5500000, 0x0000000100000000, 0x0000000100000000)
  eden space 126976K, 0% used [0x00000000f5500000,0x00000000f5500000,0x00000000fd100000)
  from space 24064K, 0% used [0x00000000fe880000,0x00000000fe880000,0x0000000100000000)
  to   space 24064K, 0% used [0x00000000fd100000,0x00000000fd100000,0x00000000fe880000)
 ParOldGen       total 110080K, used 107500K [0x00000000e0000000, 0x00000000e6b80000, 0x00000000f5500000)
  object space 110080K, 97% used [0x00000000e0000000,0x00000000e68fb238,0x00000000e6b80000)
 PSPermGen       total 75264K, used 45828K [0x00000000d6000000, 0x00000000da980000, 0x00000000e0000000)
  object space 75264K, 60% used [0x00000000d6000000,0x00000000d8cc1090,0x00000000da980000)
GC Heap History (10 events):
Event: 24,774 GC heap after
Heap after GC invocations=14 (full 1):
 PSYoungGen      total 151040K, used 8128K [0x00000000f5500000, 0x00000000fff80000, 0x0000000100000000)
  eden space 129536K, 0% used [0x00000000f5500000,0x00000000f5500000,0x00000000fd380000)
  from space 21504K, 37% used [0x00000000fd380000,0x00000000fdb70000,0x00000000fe880000)
  to   space 20480K, 0% used [0x00000000feb80000,0x00000000feb80000,0x00000000fff80000)
 ParOldGen       total 74240K, used 62321K [0x00000000e0000000, 0x00000000e4880000, 0x00000000f5500000)
  object space 74240K, 83% used [0x00000000e0000000,0x00000000e3cdc680,0x00000000e4880000)
 PSPermGen       total 64512K, used 35465K [0x00000000d6000000, 0x00000000d9f00000, 0x00000000e0000000)
  object space 64512K, 54% used [0x00000000d6000000,0x00000000d82a26d8,0x00000000d9f00000)
}
Event: 24,775 GC heap before
{Heap before GC invocations=15 (full 2):
 PSYoungGen      total 151040K, used 8128K [0x00000000f5500000, 0x00000000fff80000, 0x0000000100000000)
  eden space 129536K, 0% used [0x00000000f5500000,0x00000000f5500000,0x00000000fd380000)
  from space 21504K, 37% used [0x00000000fd380000,0x00000000fdb70000,0x00000000fe880000)
  to   space 20480K, 0% used [0x00000000feb80000,0x00000000feb80000,0x00000000fff80000)
 ParOldGen       total 74240K, used 62321K [0x00000000e0000000, 0x00000000e4880000, 0x00000000f5500000)
  object space 74240K, 83% used [0x00000000e0000000,0x00000000e3cdc680,0x00000000e4880000)
 PSPermGen       total 64512K, used 35465K [0x00000000d6000000, 0x00000000d9f00000, 0x00000000e0000000)
  object space 64512K, 54% used [0x00000000d6000000,0x00000000d82a26d8,0x00000000d9f00000)
Event: 25,486 GC heap after
Heap after GC invocations=15 (full 2):
 PSYoungGen      total 151040K, used 0K [0x00000000f5500000, 0x00000000fff80000, 0x0000000100000000)
  eden space 129536K, 0% used [0x00000000f5500000,0x00000000f5500000,0x00000000fd380000)
  from space 21504K, 0% used [0x00000000fd380000,0x00000000fd380000,0x00000000fe880000)
  to   space 20480K, 0% used [0x00000000feb80000,0x00000000feb80000,0x00000000fff80000)
 ParOldGen       total 110080K, used 66949K [0x00000000e0000000, 0x00000000e6b80000, 0x00000000f5500000)
  object space 110080K, 60% used [0x00000000e0000000,0x00000000e41617c8,0x00000000e6b80000)
 PSPermGen       total 75264K, used 35464K [0x00000000d6000000, 0x00000000da980000, 0x00000000e0000000)
  object space 75264K, 47% used [0x00000000d6000000,0x00000000d82a2168,0x00000000da980000)
}
Event: 26,006 GC heap before
{Heap before GC invocations=16 (full 2):
 PSYoungGen      total 151040K, used 129536K [0x00000000f5500000, 0x00000000fff80000, 0x0000000100000000)
  eden space 129536K, 100% used [0x00000000f5500000,0x00000000fd380000,0x00000000fd380000)
  from space 21504K, 0% used [0x00000000fd380000,0x00000000fd380000,0x00000000fe880000)
  to   space 20480K, 0% used [0x00000000feb80000,0x00000000feb80000,0x00000000fff80000)
 ParOldGen       total 110080K, used 66949K [0x00000000e0000000, 0x00000000e6b80000, 0x00000000f5500000)
  object space 110080K, 60% used [0x00000000e0000000,0x00000000e41617c8,0x00000000e6b80000)
 PSPermGen       total 75264K, used 35466K [0x00000000d6000000, 0x00000000da980000, 0x00000000e0000000)
  object space 75264K, 47% used [0x00000000d6000000,0x00000000d82a2898,0x00000000da980000)
Event: 26,178 GC heap after
Heap after GC invocations=16 (full 2):
 PSYoungGen      total 148480K, used 19936K [0x00000000f5500000, 0x0000000100000000, 0x0000000100000000)
  eden space 128000K, 0% used [0x00000000f5500000,0x00000000f5500000,0x00000000fd200000)
  from space 20480K, 97% used [0x00000000feb80000,0x00000000ffef8000,0x00000000fff80000)
  to   space 23552K, 0% used [0x00000000fd200000,0x00000000fd200000,0x00000000fe900000)
 ParOldGen       total 110080K, used 66949K [0x00000000e0000000, 0x00000000e6b80000, 0x00000000f5500000)
  object space 110080K, 60% used [0x00000000e0000000,0x00000000e41617c8,0x00000000e6b80000)
 PSPermGen       total 75264K, used 35466K [0x00000000d6000000, 0x00000000da980000, 0x00000000e0000000)
  object space 75264K, 47% used [0x00000000d6000000,0x00000000d82a2898,0x00000000da980000)
}
Event: 28,938 GC heap before
{Heap before GC invocations=17 (full 2):
 PSYoungGen      total 148480K, used 147936K [0x00000000f5500000, 0x0000000100000000, 0x0000000100000000)
  eden space 128000K, 100% used [0x00000000f5500000,0x00000000fd200000,0x00000000fd200000)
  from space 20480K, 97% used [0x00000000feb80000,0x00000000ffef8000,0x00000000fff80000)
  to   space 23552K, 0% used [0x00000000fd200000,0x00000000fd200000,0x00000000fe900000)
 ParOldGen       total 110080K, used 66949K [0x00000000e0000000, 0x00000000e6b80000, 0x00000000f5500000)
  object space 110080K, 60% used [0x00000000e0000000,0x00000000e41617c8,0x00000000e6b80000)
 PSPermGen       total 75264K, used 36076K [0x00000000d6000000, 0x00000000da980000, 0x00000000e0000000)
  object space 75264K, 47% used [0x00000000d6000000,0x00000000d833b138,0x00000000da980000)
Event: 29,118 GC heap after
Heap after GC invocations=17 (full 2):
 PSYoungGen      total 142848K, used 14546K [0x00000000f5500000, 0x0000000100000000, 0x0000000100000000)
  eden space 128000K, 0% used [0x00000000f5500000,0x00000000f5500000,0x00000000fd200000)
  from space 14848K, 97% used [0x00000000fd200000,0x00000000fe034a80,0x00000000fe080000)
  to   space 24064K, 0% used [0x00000000fe880000,0x00000000fe880000,0x0000000100000000)
 ParOldGen       total 110080K, used 86981K [0x00000000e0000000, 0x00000000e6b80000, 0x00000000f5500000)
  object space 110080K, 79% used [0x00000000e0000000,0x00000000e54f17d8,0x00000000e6b80000)
 PSPermGen       total 75264K, used 36076K [0x00000000d6000000, 0x00000000da980000, 0x00000000e0000000)
  object space 75264K, 47% used [0x00000000d6000000,0x00000000d833b138,0x00000000da980000)
}
Event: 72,833 GC heap before
{Heap before GC invocations=18 (full 2):
 PSYoungGen      total 142848K, used 142479K [0x00000000f5500000, 0x0000000100000000, 0x0000000100000000)
  eden space 128000K, 99% used [0x00000000f5500000,0x00000000fd1ef570,0x00000000fd200000)
  from space 14848K, 97% used [0x00000000fd200000,0x00000000fe034a80,0x00000000fe080000)
  to   space 24064K, 0% used [0x00000000fe880000,0x00000000fe880000,0x0000000100000000)
 ParOldGen       total 110080K, used 86981K [0x00000000e0000000, 0x00000000e6b80000, 0x00000000f5500000)
  object space 110080K, 79% used [0x00000000e0000000,0x00000000e54f17d8,0x00000000e6b80000)
 PSPermGen       total 75264K, used 45842K [0x00000000d6000000, 0x00000000da980000, 0x00000000e0000000)
  object space 75264K, 60% used [0x00000000d6000000,0x00000000d8cc49d0,0x00000000da980000)
Event: 73,706 GC heap after
Heap after GC invocations=18 (full 2):
 PSYoungGen      total 151040K, used 13910K [0x00000000f5500000, 0x0000000100000000, 0x0000000100000000)
  eden space 126976K, 0% used [0x00000000f5500000,0x00000000f5500000,0x00000000fd100000)
  from space 24064K, 57% used [0x00000000fe880000,0x00000000ff615b00,0x0000000100000000)
  to   space 24064K, 0% used [0x00000000fd100000,0x00000000fd100000,0x00000000fe880000)
 ParOldGen       total 110080K, used 100997K [0x00000000e0000000, 0x00000000e6b80000, 0x00000000f5500000)
  object space 110080K, 91% used [0x00000000e0000000,0x00000000e62a17d8,0x00000000e6b80000)
 PSPermGen       total 75264K, used 45842K [0x00000000d6000000, 0x00000000da980000, 0x00000000e0000000)
  object space 75264K, 60% used [0x00000000d6000000,0x00000000d8cc49d0,0x00000000da980000)
}
Event: 73,857 GC heap before
{Heap before GC invocations=19 (full 3):
 PSYoungGen      total 151040K, used 13910K [0x00000000f5500000, 0x0000000100000000, 0x0000000100000000)
  eden space 126976K, 0% used [0x00000000f5500000,0x00000000f5500000,0x00000000fd100000)
  from space 24064K, 57% used [0x00000000fe880000,0x00000000ff615b00,0x0000000100000000)
  to   space 24064K, 0% used [0x00000000fd100000,0x00000000fd100000,0x00000000fe880000)
 ParOldGen       total 110080K, used 100997K [0x00000000e0000000, 0x00000000e6b80000, 0x00000000f5500000)
  object space 110080K, 91% used [0x00000000e0000000,0x00000000e62a17d8,0x00000000e6b80000)
 PSPermGen       total 75264K, used 45842K [0x00000000d6000000, 0x00000000da980000, 0x00000000e0000000)
  object space 75264K, 60% used [0x00000000d6000000,0x00000000d8cc49d0,0x00000000da980000)

